c:\users\thoma\source\repos\knittingpattern\knittingpattern\x64\debug\vc143.pdb
c:\users\thoma\source\repos\knittingpattern\knittingpattern\x64\debug\vc143.idb
c:\users\thoma\source\repos\knittingpattern\knittingpattern\x64\debug\glad.obj
c:\users\thoma\source\repos\knittingpattern\knittingpattern\x64\debug\imgui_widgets.obj
c:\users\thoma\source\repos\knittingpattern\knittingpattern\x64\debug\imgui_draw.obj
c:\users\thoma\source\repos\knittingpattern\knittingpattern\x64\debug\imgui_demo.obj
c:\users\thoma\source\repos\knittingpattern\knittingpattern\x64\debug\imgui.obj
c:\users\thoma\source\repos\knittingpattern\knittingpattern\x64\debug\imgui_impl_glfw.obj
c:\users\thoma\source\repos\knittingpattern\knittingpattern\x64\debug\imgui_impl_opengl3.obj
c:\users\thoma\source\repos\knittingpattern\knittingpattern\x64\debug\texture.obj
c:\users\thoma\source\repos\knittingpattern\knittingpattern\x64\debug\shader.obj
c:\users\thoma\source\repos\knittingpattern\knittingpattern\x64\debug\imageloader.obj
c:\users\thoma\source\repos\knittingpattern\knittingpattern\x64\debug\window.obj
c:\users\thoma\source\repos\knittingpattern\knittingpattern\x64\debug\main.obj
c:\users\thoma\source\repos\knittingpattern\knittingpattern\x64\debug\model.obj
c:\users\thoma\source\repos\knittingpattern\knittingpattern\x64\debug\logic.obj
c:\users\thoma\source\repos\knittingpattern\x64\debug\knittingpattern.exe
c:\users\thoma\source\repos\knittingpattern\x64\debug\knittingpattern.pdb
c:\users\thoma\source\repos\knittingpattern\knittingpattern\x64\debug\knittingpattern.ilk
c:\users\thoma\source\repos\knittingpattern\knittingpattern\x64\debug\knittingpattern.tlog\cl.command.1.tlog
c:\users\thoma\source\repos\knittingpattern\knittingpattern\x64\debug\knittingpattern.tlog\cl.items.tlog
c:\users\thoma\source\repos\knittingpattern\knittingpattern\x64\debug\knittingpattern.tlog\cl.read.1.tlog
c:\users\thoma\source\repos\knittingpattern\knittingpattern\x64\debug\knittingpattern.tlog\cl.write.1.tlog
c:\users\thoma\source\repos\knittingpattern\knittingpattern\x64\debug\knittingpattern.tlog\link.command.1.tlog
c:\users\thoma\source\repos\knittingpattern\knittingpattern\x64\debug\knittingpattern.tlog\link.read.1.tlog
c:\users\thoma\source\repos\knittingpattern\knittingpattern\x64\debug\knittingpattern.tlog\link.secondary.1.tlog
c:\users\thoma\source\repos\knittingpattern\knittingpattern\x64\debug\knittingpattern.tlog\link.write.1.tlog
