  Logic.cpp
C:\Backup\Proggen\KnittingPattern\Src\cpp\Logic.cpp(62,21): warning C4018: '<': signed/unsigned mismatch
C:\Backup\Proggen\KnittingPattern\Src\cpp\Logic.cpp(148,60): warning C4244: 'argument': conversion from 'unsigned __int64' to 'float', possible loss of data
C:\Backup\Proggen\KnittingPattern\Src\cpp\Logic.cpp(148,43): warning C4244: 'argument': conversion from 'float' to 'const unsigned __int64', possible loss of data
C:\Backup\Proggen\KnittingPattern\Src\cpp\Logic.cpp(189,27): warning C4244: 'initializing': conversion from 'float' to 'unsigned int', possible loss of data
C:\Backup\Proggen\KnittingPattern\Src\cpp\Logic.cpp(218,66): warning C4244: '=': conversion from 'T' to 'unsigned char', possible loss of data
          with
          [
              T=float
          ]
C:\Backup\Proggen\KnittingPattern\Src\cpp\Logic.cpp(219,68): warning C4244: '=': conversion from 'T' to 'unsigned char', possible loss of data
          with
          [
              T=float
          ]
C:\Backup\Proggen\KnittingPattern\Src\cpp\Logic.cpp(220,67): warning C4244: '=': conversion from 'T' to 'unsigned char', possible loss of data
          with
          [
              T=float
          ]
C:\Backup\Proggen\KnittingPattern\Src\cpp\Logic.cpp(224,48): warning C4244: '=': conversion from 'T' to 'unsigned char', possible loss of data
          with
          [
              T=float
          ]
C:\Backup\Proggen\KnittingPattern\Src\cpp\Logic.cpp(225,50): warning C4244: '=': conversion from 'T' to 'unsigned char', possible loss of data
          with
          [
              T=float
          ]
C:\Backup\Proggen\KnittingPattern\Src\cpp\Logic.cpp(226,49): warning C4244: '=': conversion from 'T' to 'unsigned char', possible loss of data
          with
          [
              T=float
          ]
C:\Backup\Proggen\KnittingPattern\Src\cpp\Logic.cpp(288,96): warning C4244: 'argument': conversion from 'unsigned __int64' to 'float', possible loss of data
C:\Backup\Proggen\KnittingPattern\Src\cpp\Logic.cpp(288,55): warning C4244: 'argument': conversion from 'unsigned int' to 'float', possible loss of data
C:\Backup\Proggen\KnittingPattern\Src\cpp\Logic.cpp(393,29): warning C4244: 'initializing': conversion from 'float' to 'unsigned int', possible loss of data
  main.cpp
C:\Backup\Proggen\KnittingPattern\Src\cpp\main.cpp(143,52): warning C4305: 'argument': truncation from 'double' to 'float'
C:\Backup\Proggen\KnittingPattern\Src\cpp\main.cpp(226,1): warning C4326: return type of 'main' should be 'int' instead of 'void'
  Generating Code...
LINK : warning LNK4098: defaultlib 'MSVCRT' conflicts with use of other libs; use /NODEFAULTLIB:library
  KnittingPattern.vcxproj -> C:\Backup\Proggen\KnittingPattern\x64\Debug\KnittingPattern.exe
